============================================================================== 
ChemHTPS v0.1.0 (2019-01-10)
Johannes Hachmann (hachmann@buffalo.edu), William Evangelista (wevangel@buffalo.edu) and Yudhajit Pal (yudhajit@buffalo.edu)
============================================================================== 
Fri Jan 18 03:16:55 2019

ChemHTPS is a virtual high-throughput screening program suite for the chemical and materials sciences.
With contributions from:
   Mohammad Atif Faiz Afzal and Gaurav Vishwakarma (library generation), and Mojtabah Haghighatlari (documentation)   

Total execution time: 0.54s (0h 0m 0.54s)
2019-01-18 03:16:55



============================================================================== 
ChemHTPS v0.1.0 (2019-01-10)
Johannes Hachmann (hachmann@buffalo.edu), William Evangelista (wevangel@buffalo.edu) and Yudhajit Pal (yudhajit@buffalo.edu)
============================================================================== 
Wed Apr 17 03:18:08 2019

ChemHTPS is a virtual high-throughput screening program suite for the chemical and materials sciences.
With contributions from:
   Mohammad Atif Faiz Afzal and Gaurav Vishwakarma (library generation), and Mojtabah Haghighatlari (documentation)   

============================================================================== 
ChemHTPS v0.1.0 (2019-01-10)
Johannes Hachmann (hachmann@buffalo.edu), William Evangelista (wevangel@buffalo.edu) and Yudhajit Pal (yudhajit@buffalo.edu)
============================================================================== 
Wed Apr 17 03:19:32 2019

ChemHTPS is a virtual high-throughput screening program suite for the chemical and materials sciences.
With contributions from:
   Mohammad Atif Faiz Afzal and Gaurav Vishwakarma (library generation), and Mojtabah Haghighatlari (documentation)   

Total execution time: 0.68s (0h 0m 0.68s)
2019-04-17 03:19:32



